app/build/intermediates/manifest_merge_blame_file/debug/manifest-merger-blame-debug-report.txt
1<?xml version="1.0" encoding="utf-8"?>
2<manifest xmlns:android="http://schemas.android.com/apk/res/android"
3    package="google.cts.enabler"
4    android:versionCode="5"
5    android:versionName="4.1" >
6
7    <uses-sdk
8        android:minSdkVersion="21"
8-->src\main\AndroidManifest.xml
9        android:targetSdkVersion="31" />
9-->src\main\AndroidManifest.xml
10
11    <uses-permission android:name="android.permission.ACCESS_NETWORK_STATE" />
11-->src\main\AndroidManifest.xml:5:5-79
11-->src\main\AndroidManifest.xml:5:22-76
12    <uses-permission android:name="android.permission.INTERNET" />
12-->src\main\AndroidManifest.xml:6:5-66
12-->src\main\AndroidManifest.xml:6:22-64
13
14    <queries>
14-->src\main\AndroidManifest.xml:8:5-10:15
15        <package android:name="com.google.android.googlequicksearchbox" />
15-->src\main\AndroidManifest.xml:9:9-75
15-->src\main\AndroidManifest.xml:9:18-72
16    </queries>
17
18    <application
18-->src\main\AndroidManifest.xml:12:5-57:19
19        android:appComponentFactory="androidx.core.app.CoreComponentFactory"
19-->[androidx.core:core:1.7.0] AndroidManifest.xml:24:18-86
20        android:debuggable="true"
21        android:icon="@mipmap/ic_launcher"
21-->src\main\AndroidManifest.xml:15:9-43
22        android:label="@string/app_name"
22-->src\main\AndroidManifest.xml:13:9-41
23        android:roundIcon="@mipmap/ic_launcher_round"
23-->src\main\AndroidManifest.xml:16:9-54
24        android:supportsRtl="true"
24-->src\main\AndroidManifest.xml:14:9-35
25        android:theme="@style/Theme.PixelifyGooglePhotos" >
25-->src\main\AndroidManifest.xml:17:9-58
26        <meta-data
26-->src\main\AndroidManifest.xml:19:9-21:36
27            android:name="xposedmodule"
27-->src\main\AndroidManifest.xml:20:13-40
28            android:value="true" />
28-->src\main\AndroidManifest.xml:21:13-33
29        <meta-data
29-->src\main\AndroidManifest.xml:22:9-24:88
30            android:name="xposeddescription"
30-->src\main\AndroidManifest.xml:23:13-45
31            android:value="Spoof your device as an Pixel 8 to get Circle to Search." />
31-->src\main\AndroidManifest.xml:24:13-85
32        <meta-data
32-->src\main\AndroidManifest.xml:25:9-27:36
33            android:name="xposedsharedprefs"
33-->src\main\AndroidManifest.xml:26:13-45
34            android:value="true" />
34-->src\main\AndroidManifest.xml:27:13-33
35        <meta-data
35-->src\main\AndroidManifest.xml:28:9-30:34
36            android:name="xposedminversion"
36-->src\main\AndroidManifest.xml:29:13-44
37            android:value="93" />
37-->src\main\AndroidManifest.xml:30:13-31
38        <meta-data
38-->src\main\AndroidManifest.xml:31:9-33:54
39            android:name="xposedscope"
39-->src\main\AndroidManifest.xml:32:13-39
40            android:resource="@array/module_scope" />
40-->src\main\AndroidManifest.xml:33:13-51
41
42        <activity
42-->src\main\AndroidManifest.xml:35:9-41:20
43            android:name="google.cts.enabler.ActivityMain"
43-->src\main\AndroidManifest.xml:35:19-47
44            android:exported="true" >
44-->src\main\AndroidManifest.xml:36:13-36
45            <intent-filter>
45-->src\main\AndroidManifest.xml:37:13-40:29
46                <action android:name="android.intent.action.MAIN" />
46-->src\main\AndroidManifest.xml:38:17-69
46-->src\main\AndroidManifest.xml:38:25-66
47
48                <category android:name="android.intent.category.LAUNCHER" />
48-->src\main\AndroidManifest.xml:39:17-77
48-->src\main\AndroidManifest.xml:39:27-74
49            </intent-filter>
50        </activity>
51        <activity android:name="google.cts.enabler.FeatureCustomize" />
51-->src\main\AndroidManifest.xml:43:9-53
51-->src\main\AndroidManifest.xml:43:19-51
52        <activity android:name="google.cts.enabler.AdvancedOptionsActivity" />
52-->src\main\AndroidManifest.xml:45:9-60
52-->src\main\AndroidManifest.xml:45:19-58
53
54        <!-- Guide at: https://infinum.com/the-capsized-eight/share-files-using-fileprovider -->
55        <provider
56            android:name="androidx.core.content.FileProvider"
56-->src\main\AndroidManifest.xml:50:13-62
57            android:authorities="google.cts.enabler"
57-->src\main\AndroidManifest.xml:49:13-51
58            android:exported="false"
58-->src\main\AndroidManifest.xml:51:13-37
59            android:grantUriPermissions="true" >
59-->src\main\AndroidManifest.xml:52:13-47
60            <meta-data
60-->src\main\AndroidManifest.xml:53:13-55:57
61                android:name="android.support.FILE_PROVIDER_PATHS"
61-->src\main\AndroidManifest.xml:54:17-67
62                android:resource="@xml/provider_paths" />
62-->src\main\AndroidManifest.xml:55:17-55
63        </provider>
64        <provider
64-->[androidx.emoji2:emoji2:1.0.0] AndroidManifest.xml:26:9-34:20
65            android:name="androidx.startup.InitializationProvider"
65-->[androidx.emoji2:emoji2:1.0.0] AndroidManifest.xml:27:13-67
66            android:authorities="google.cts.enabler.androidx-startup"
66-->[androidx.emoji2:emoji2:1.0.0] AndroidManifest.xml:28:13-68
67            android:exported="false" >
67-->[androidx.emoji2:emoji2:1.0.0] AndroidManifest.xml:29:13-37
68            <meta-data
68-->[androidx.emoji2:emoji2:1.0.0] AndroidManifest.xml:31:13-33:52
69                android:name="androidx.emoji2.text.EmojiCompatInitializer"
69-->[androidx.emoji2:emoji2:1.0.0] AndroidManifest.xml:32:17-75
70                android:value="androidx.startup" />
70-->[androidx.emoji2:emoji2:1.0.0] AndroidManifest.xml:33:17-49
71            <meta-data
71-->[androidx.lifecycle:lifecycle-process:2.4.0] AndroidManifest.xml:31:13-33:52
72                android:name="androidx.lifecycle.ProcessLifecycleInitializer"
72-->[androidx.lifecycle:lifecycle-process:2.4.0] AndroidManifest.xml:32:17-78
73                android:value="androidx.startup" />
73-->[androidx.lifecycle:lifecycle-process:2.4.0] AndroidManifest.xml:33:17-49
74        </provider>
75    </application>
76
77</manifest>